<?xml version="1.0" encoding="UTF-8"?>
<testng-results ignored="0" total="1" passed="1" failed="0" skipped="0">
  <reporter-output>
  </reporter-output>
  <suite started-at="2022-11-17T11:49:35 IST" name="Default suite" finished-at="2022-11-17T11:49:35 IST" duration-ms="79">
    <groups>
    </groups>
    <test started-at="2022-11-17T11:49:35 IST" name="Default test" finished-at="2022-11-17T11:49:35 IST" duration-ms="79">
      <class name="vTigerPractice.ReadDataFromCmdLine">
        <test-method signature="readData()[pri:0, instance:vTigerPractice.ReadDataFromCmdLine@3d6f0054]" started-at="2022-11-17T11:49:35 IST" name="readData" finished-at="2022-11-17T11:49:35 IST" duration-ms="20" status="PASS">
          <reporter-output>
          </reporter-output>
        </test-method> <!-- readData -->
      </class> <!-- vTigerPractice.ReadDataFromCmdLine -->
    </test> <!-- Default test -->
  </suite> <!-- Default suite -->
</testng-results>
